2025-05-04 11:02:45,580	神里绫华_ZH	INFO	{'train': {'log_interval': 100, 'eval_interval': 500, 'seed': 1234, 'epochs': 10, 'learning_rate': 0.0001, 'betas': [0.8, 0.99], 'eps': 1e-09, 'batch_size': 8, 'fp16_run': True, 'lr_decay': 0.999875, 'segment_size': 20480, 'init_lr_ratio': 1, 'warmup_epochs': 0, 'c_mel': 45, 'c_kl': 1.0, 'text_low_lr_rate': 0.4, 'grad_ckpt': False, 'pretrained_s2G': 'GPT_SoVITS/pretrained_models/gsv-v4-pretrained/s2Gv4.pth', 'pretrained_s2D': '', 'if_save_latest': True, 'if_save_every_weights': True, 'save_every_epoch': 10, 'gpu_numbers': '0', 'lora_rank': 32}, 'data': {'max_wav_value': 32768.0, 'sampling_rate': 32000, 'filter_length': 2048, 'hop_length': 640, 'win_length': 2048, 'n_mel_channels': 128, 'mel_fmin': 0.0, 'mel_fmax': None, 'add_blank': True, 'n_speakers': 300, 'cleaned_text': True, 'exp_dir': 'logs/神里绫华_ZH'}, 'model': {'inter_channels': 192, 'hidden_channels': 192, 'filter_channels': 768, 'n_heads': 2, 'n_layers': 6, 'kernel_size': 3, 'p_dropout': 0.1, 'resblock': '1', 'resblock_kernel_sizes': [3, 7, 11], 'resblock_dilation_sizes': [[1, 3, 5], [1, 3, 5], [1, 3, 5]], 'upsample_rates': [10, 8, 2, 2, 2], 'upsample_initial_channel': 512, 'upsample_kernel_sizes': [16, 16, 8, 2, 2], 'n_layers_q': 3, 'use_spectral_norm': False, 'gin_channels': 512, 'semantic_frame_rate': '25hz', 'freeze_quantizer': True, 'version': 'v4'}, 's2_ckpt_dir': 'logs/神里绫华_ZH', 'content_module': 'cnhubert', 'save_weight_dir': 'SoVITS_weights_v4', 'name': '神里绫华_ZH', 'version': 'v4', 'pretrain': None, 'resume_step': None}
2025-05-04 11:02:54,292	神里绫华_ZH	INFO	loaded pretrained GPT_SoVITS/pretrained_models/gsv-v4-pretrained/s2Gv4.pth
2025-05-04 11:03:48,922	神里绫华_ZH	INFO	Train Epoch: 1 [0%]
2025-05-04 11:03:48,923	神里绫华_ZH	INFO	[0.06835930794477463, 0, 9.99875e-05]
2025-05-04 11:04:23,521	神里绫华_ZH	INFO	====> Epoch: 1
2025-05-04 11:04:42,046	神里绫华_ZH	INFO	Train Epoch: 2 [49%]
2025-05-04 11:04:42,047	神里绫华_ZH	INFO	[0.060426391661167145, 100, 9.99750015625e-05]
2025-05-04 11:04:56,557	神里绫华_ZH	INFO	====> Epoch: 2
2025-05-04 11:05:30,558	神里绫华_ZH	INFO	Train Epoch: 3 [99%]
2025-05-04 11:05:30,559	神里绫华_ZH	INFO	[0.030436450615525246, 200, 9.996250468730469e-05]
2025-05-04 11:05:30,560	神里绫华_ZH	INFO	====> Epoch: 3
2025-05-04 11:06:03,913	神里绫华_ZH	INFO	====> Epoch: 4
2025-05-04 11:06:22,816	神里绫华_ZH	INFO	Train Epoch: 5 [48%]
2025-05-04 11:06:22,818	神里绫华_ZH	INFO	[0.0074782888405025005, 300, 9.993751562304699e-05]
2025-05-04 11:06:37,248	神里绫华_ZH	INFO	====> Epoch: 5
2025-05-04 11:07:10,370	神里绫华_ZH	INFO	Train Epoch: 6 [97%]
2025-05-04 11:07:10,373	神里绫华_ZH	INFO	[0.1874534636735916, 400, 9.99250234335941e-05]
2025-05-04 11:07:11,015	神里绫华_ZH	INFO	====> Epoch: 6
2025-05-04 11:07:45,016	神里绫华_ZH	INFO	====> Epoch: 7
2025-05-04 11:08:03,192	神里绫华_ZH	INFO	Train Epoch: 8 [46%]
2025-05-04 11:08:03,193	神里绫华_ZH	INFO	[0.0016452607233077288, 500, 9.990004373906418e-05]
2025-05-04 11:08:18,463	神里绫华_ZH	INFO	====> Epoch: 8
2025-05-04 11:08:52,139	神里绫华_ZH	INFO	Train Epoch: 9 [96%]
2025-05-04 11:08:52,141	神里绫华_ZH	INFO	[0.0004836801381316036, 600, 9.98875562335968e-05]
2025-05-04 11:08:52,859	神里绫华_ZH	INFO	====> Epoch: 9
2025-05-04 11:09:28,153	神里绫华_ZH	INFO	Saving model and optimizer state at iteration 10 to logs/神里绫华_ZH/logs_s2_v4_lora_32/G_233333333333.pth
2025-05-04 11:09:32,405	神里绫华_ZH	INFO	saving ckpt 神里绫华_ZH_e10:Success.
2025-05-04 11:09:32,405	神里绫华_ZH	INFO	====> Epoch: 10
